

================================================================
== Vivado HLS Report for 'Array2Mat'
================================================================
* Date:           Sat Jun 20 16:50:21 2020

* Version:        2019.2 (Build 2704478 on Wed Nov 06 22:10:23 MST 2019)
* Project:        Vivado_Sobel_v3
* Solution:       solution1
* Product family: artix7
* Target device:  xc7a100t-csg324-3


================================================================
== Performance Estimates
================================================================
+ Timing: 
    * Summary: 
    +--------+----------+----------+------------+
    |  Clock |  Target  | Estimated| Uncertainty|
    +--------+----------+----------+------------+
    |ap_clk  | 10.00 ns | 5.489 ns |   1.25 ns  |
    +--------+----------+----------+------------+

+ Latency: 
    * Summary: 
    +---------+---------+-----------+----------+-----+-----+---------+
    |  Latency (cycles) |  Latency (absolute)  |  Interval | Pipeline|
    |   min   |   max   |    min    |    max   | min | max |   Type  |
    +---------+---------+-----------+----------+-----+-----+---------+
    |        1|      131| 10.000 ns | 1.310 us |    1|  131|   none  |
    +---------+---------+-----------+----------+-----+-----+---------+

    + Detail: 
        * Instance: 
        N/A

        * Loop: 
        +-----------------+---------+---------+----------+-----------+-----------+--------+----------+
        |                 |  Latency (cycles) | Iteration|  Initiation Interval  |  Trip  |          |
        |    Loop Name    |   min   |   max   |  Latency |  achieved |   target  |  Count | Pipelined|
        +-----------------+---------+---------+----------+-----------+-----------+--------+----------+
        |- loop_pixel     |        0|      130|  3 ~ 13  |          -|          -| 0 ~ 10 |    no    |
        | + loop_pixel.1  |        0|       10|         2|          1|          1| 0 ~ 10 |    yes   |
        +-----------------+---------+---------+----------+-----------+-----------+--------+----------+



================================================================
== Utilization Estimates
================================================================
* Summary: 
+-----------------+---------+-------+--------+-------+-----+
|       Name      | BRAM_18K| DSP48E|   FF   |  LUT  | URAM|
+-----------------+---------+-------+--------+-------+-----+
|DSP              |        -|      -|       -|      -|    -|
|Expression       |        -|      -|       0|    138|    -|
|FIFO             |        -|      -|       -|      -|    -|
|Instance         |        -|      -|       -|      -|    -|
|Memory           |        -|      -|       -|      -|    -|
|Multiplexer      |        -|      -|       -|     69|    -|
|Register         |        -|      -|     179|      -|    -|
+-----------------+---------+-------+--------+-------+-----+
|Total            |        0|      0|     179|    207|    0|
+-----------------+---------+-------+--------+-------+-----+
|Available        |      270|    240|  126800|  63400|    0|
+-----------------+---------+-------+--------+-------+-----+
|Utilization (%)  |        0|      0|   ~0   |   ~0  |    0|
+-----------------+---------+-------+--------+-------+-----+

+ Detail: 
    * Instance: 
    N/A

    * DSP48E: 
    N/A

    * Memory: 
    N/A

    * FIFO: 
    N/A

    * Expression: 
    +----------------------------------+----------+-------+---+----+------------+------------+
    |           Variable Name          | Operation| DSP48E| FF| LUT| Bitwidth P0| Bitwidth P1|
    +----------------------------------+----------+-------+---+----+------------+------------+
    |add_ln178_1_fu_189_p2             |     +    |      0|  0|   8|           8|           8|
    |add_ln178_fu_194_p2               |     +    |      0|  0|   8|           8|           8|
    |col_V_fu_179_p2                   |     +    |      0|  0|  39|          32|           1|
    |row_V_fu_144_p2                   |     +    |      0|  0|  39|          32|           1|
    |ap_block_pp0_stage0_01001         |    and   |      0|  0|   2|           1|           1|
    |ap_block_state4_pp0_stage0_iter1  |    and   |      0|  0|   2|           1|           1|
    |icmp_ln174_fu_139_p2              |   icmp   |      0|  0|  18|          32|          32|
    |icmp_ln175_fu_174_p2              |   icmp   |      0|  0|  18|          32|          32|
    |ap_enable_pp0                     |    xor   |      0|  0|   2|           1|           2|
    |ap_enable_reg_pp0_iter1           |    xor   |      0|  0|   2|           2|           1|
    +----------------------------------+----------+-------+---+----+------------+------------+
    |Total                             |          |      0|  0| 138|         149|          87|
    +----------------------------------+----------+-------+---+----+------------+------------+

    * Multiplexer: 
    +-------------------------+----+-----------+-----+-----------+
    |           Name          | LUT| Input Size| Bits| Total Bits|
    +-------------------------+----+-----------+-----+-----------+
    |ap_NS_fsm                |  27|          5|    1|          5|
    |ap_enable_reg_pp0_iter1  |  15|          3|    1|          3|
    |img_data_stream_V_blk_n  |   9|          2|    1|          2|
    |t_V_3_reg_120            |   9|          2|   32|         64|
    |t_V_reg_109              |   9|          2|   32|         64|
    +-------------------------+----+-----------+-----+-----------+
    |Total                    |  69|         14|   67|        138|
    +-------------------------+----+-----------+-----+-----------+

    * Register: 
    +------------------------------+----+----+-----+-----------+
    |             Name             | FF | LUT| Bits| Const Bits|
    +------------------------------+----+----+-----+-----------+
    |ap_CS_fsm                     |   4|   0|    4|          0|
    |ap_enable_reg_pp0_iter0       |   1|   0|    1|          0|
    |ap_enable_reg_pp0_iter1       |   1|   0|    1|          0|
    |icmp_ln175_reg_233            |   1|   0|    1|          0|
    |img_cols_V_read_cast_reg_204  |  32|   0|   32|          0|
    |img_rows_V_read_cast_reg_209  |  32|   0|   32|          0|
    |row_V_reg_218                 |  32|   0|   32|          0|
    |shl_ln1352_2_reg_228          |   7|   0|    8|          1|
    |shl_ln_reg_223                |   5|   0|    8|          3|
    |t_V_3_reg_120                 |  32|   0|   32|          0|
    |t_V_reg_109                   |  32|   0|   32|          0|
    +------------------------------+----+----+-----+-----------+
    |Total                         | 179|   0|  183|          4|
    +------------------------------+----+----+-----+-----------+



================================================================
== Interface
================================================================
* Summary: 
+--------------------------+-----+-----+------------+-------------------+--------------+
|         RTL Ports        | Dir | Bits|  Protocol  |   Source Object   |    C Type    |
+--------------------------+-----+-----+------------+-------------------+--------------+
|ap_clk                    |  in |    1| ap_ctrl_hs |     Array2Mat     | return value |
|ap_rst                    |  in |    1| ap_ctrl_hs |     Array2Mat     | return value |
|ap_start                  |  in |    1| ap_ctrl_hs |     Array2Mat     | return value |
|ap_done                   | out |    1| ap_ctrl_hs |     Array2Mat     | return value |
|ap_idle                   | out |    1| ap_ctrl_hs |     Array2Mat     | return value |
|ap_ready                  | out |    1| ap_ctrl_hs |     Array2Mat     | return value |
|fb_address0               | out |    7|  ap_memory |         fb        |     array    |
|fb_ce0                    | out |    1|  ap_memory |         fb        |     array    |
|fb_q0                     |  in |    8|  ap_memory |         fb        |     array    |
|img_rows_V_read           |  in |    5|   ap_none  |  img_rows_V_read  |    scalar    |
|img_cols_V_read           |  in |    5|   ap_none  |  img_cols_V_read  |    scalar    |
|img_data_stream_V_din     | out |    8|   ap_fifo  | img_data_stream_V |    pointer   |
|img_data_stream_V_full_n  |  in |    1|   ap_fifo  | img_data_stream_V |    pointer   |
|img_data_stream_V_write   | out |    1|   ap_fifo  | img_data_stream_V |    pointer   |
+--------------------------+-----+-----+------------+-------------------+--------------+

