

================================================================
== Vivado HLS Report for 'Filter2D'
================================================================
* Date:           Sat Jun 20 16:50:23 2020

* Version:        2019.2 (Build 2704478 on Wed Nov 06 22:10:23 MST 2019)
* Project:        Vivado_Sobel_v3
* Solution:       solution1
* Product family: artix7
* Target device:  xc7a100t-csg324-3


================================================================
== Performance Estimates
================================================================
+ Timing: 
    * Summary: 
    +--------+----------+----------+------------+
    |  Clock |  Target  | Estimated| Uncertainty|
    +--------+----------+----------+------------+
    |ap_clk  | 10.00 ns | 8.295 ns |   1.25 ns  |
    +--------+----------+----------+------------+

+ Latency: 
    * Summary: 
    +---------+---------+----------+----------+-----+-----+---------+
    |  Latency (cycles) |  Latency (absolute) |  Interval | Pipeline|
    |   min   |   max   |    min   |    max   | min | max |   Type  |
    +---------+---------+----------+----------+-----+-----+---------+
    |      127|      209| 1.270 us | 2.090 us |  127|  209|   none  |
    +---------+---------+----------+----------+-----+-----+---------+

    + Detail: 
        * Instance: 
        N/A

        * Loop: 
        +---------------+---------+---------+----------+-----------+-----------+---------+----------+
        |               |  Latency (cycles) | Iteration|  Initiation Interval  |   Trip  |          |
        |   Loop Name   |   min   |   max   |  Latency |  achieved |   target  |  Count  | Pipelined|
        +---------------+---------+---------+----------+-----------+-----------+---------+----------+
        |- loop_height  |      126|      208|  14 ~ 16 |          -|          -|  9 ~ 13 |    no    |
        | + loop_width  |       11|       13|         3|          1|          1| 10 ~ 12 |    yes   |
        +---------------+---------+---------+----------+-----------+-----------+---------+----------+



================================================================
== Utilization Estimates
================================================================
* Summary: 
+-----------------+---------+-------+--------+-------+-----+
|       Name      | BRAM_18K| DSP48E|   FF   |  LUT  | URAM|
+-----------------+---------+-------+--------+-------+-----+
|DSP              |        -|      -|       -|      -|    -|
|Expression       |        -|      -|       0|   1140|    -|
|FIFO             |        -|      -|       -|      -|    -|
|Instance         |        -|      -|       0|     75|    -|
|Memory           |        0|      -|      48|      6|    0|
|Multiplexer      |        -|      -|       -|    156|    -|
|Register         |        -|      -|     439|      -|    -|
+-----------------+---------+-------+--------+-------+-----+
|Total            |        0|      0|     487|   1377|    0|
+-----------------+---------+-------+--------+-------+-----+
|Available        |      270|    240|  126800|  63400|    0|
+-----------------+---------+-------+--------+-------+-----+
|Utilization (%)  |        0|      0|   ~0   |      2|    0|
+-----------------+---------+-------+--------+-------+-----+

+ Detail: 
    * Instance: 
    +------------------------+--------------------+---------+-------+---+----+-----+
    |        Instance        |       Module       | BRAM_18K| DSP48E| FF| LUT| URAM|
    +------------------------+--------------------+---------+-------+---+----+-----+
    |Sobel_mux_32_8_1_1_U13  |Sobel_mux_32_8_1_1  |        0|      0|  0|  15|    0|
    |Sobel_mux_32_8_1_1_U14  |Sobel_mux_32_8_1_1  |        0|      0|  0|  15|    0|
    |Sobel_mux_32_8_1_1_U15  |Sobel_mux_32_8_1_1  |        0|      0|  0|  15|    0|
    |Sobel_mux_32_8_1_1_U16  |Sobel_mux_32_8_1_1  |        0|      0|  0|  15|    0|
    |Sobel_mux_32_8_1_1_U17  |Sobel_mux_32_8_1_1  |        0|      0|  0|  15|    0|
    +------------------------+--------------------+---------+-------+---+----+-----+
    |Total                   |                    |        0|      0|  0|  75|    0|
    +------------------------+--------------------+---------+-------+---+----+-----+

    * DSP48E: 
    N/A

    * Memory: 
    +-----------------+----------------------+---------+----+----+-----+------+-----+------+-------------+
    |      Memory     |        Module        | BRAM_18K| FF | LUT| URAM| Words| Bits| Banks| W*Bits*Banks|
    +-----------------+----------------------+---------+----+----+-----+------+-----+------+-------------+
    |k_buf_0_val_3_U  |Filter2D_k_buf_0_bkb  |        0|  16|   2|    0|    10|    8|     1|           80|
    |k_buf_0_val_4_U  |Filter2D_k_buf_0_bkb  |        0|  16|   2|    0|    10|    8|     1|           80|
    |k_buf_0_val_5_U  |Filter2D_k_buf_0_bkb  |        0|  16|   2|    0|    10|    8|     1|           80|
    +-----------------+----------------------+---------+----+----+-----+------+-----+------+-------------+
    |Total            |                      |        0|  48|   6|    0|    30|   24|     3|          240|
    +-----------------+----------------------+---------+----+----+-----+------+-----+------+-------------+

    * FIFO: 
    N/A

    * Expression: 
    +-----------------------------------+----------+-------+---+----+------------+------------+
    |           Variable Name           | Operation| DSP48E| FF| LUT| Bitwidth P0| Bitwidth P1|
    +-----------------------------------+----------+-------+---+----+------------+------------+
    |ImagLoc_x_fu_683_p2                |     +    |      0|  0|  39|           2|          32|
    |add_ln118_1_fu_634_p2              |     +    |      0|  0|  10|           1|           2|
    |add_ln118_fu_602_p2                |     +    |      0|  0|  10|           2|           2|
    |add_ln147_fu_390_p2                |     +    |      0|  0|  15|           3|           7|
    |add_ln443_1_fu_336_p2              |     +    |      0|  0|  15|           2|           6|
    |add_ln443_fu_326_p2                |     +    |      0|  0|  15|           2|           6|
    |add_ln458_fu_400_p2                |     +    |      0|  0|  10|           2|           2|
    |add_ln506_1_fu_527_p2              |     +    |      0|  0|  39|           3|          32|
    |add_ln506_fu_465_p2                |     +    |      0|  0|  39|           2|          32|
    |add_ln507_fu_354_p2                |     +    |      0|  0|  10|           2|           2|
    |add_ln703_1_fu_1005_p2             |     +    |      0|  0|  17|          10|          10|
    |add_ln703_2_fu_1033_p2             |     +    |      0|  0|  17|          10|          10|
    |add_ln703_4_fu_1039_p2             |     +    |      0|  0|   8|           8|           8|
    |add_ln703_5_fu_1105_p2             |     +    |      0|  0|   8|           8|           8|
    |add_ln703_fu_995_p2                |     +    |      0|  0|  16|           9|           9|
    |i_V_fu_411_p2                      |     +    |      0|  0|  39|          32|           1|
    |j_V_fu_661_p2                      |     +    |      0|  0|  39|          32|           1|
    |p_Val2_1_fu_1110_p2                |     +    |      0|  0|   8|           8|           8|
    |p_Val2_s_fu_1091_p2                |     +    |      0|  0|   8|          11|          11|
    |sub_ln142_1_fu_566_p2              |     -    |      0|  0|  39|           2|          32|
    |sub_ln142_2_fu_722_p2              |     -    |      0|  0|  39|           1|          32|
    |sub_ln142_fu_504_p2                |     -    |      0|  0|  39|           1|          32|
    |sub_ln144_1_fu_621_p2              |     -    |      0|  0|  10|           2|           2|
    |sub_ln144_fu_589_p2                |     -    |      0|  0|  10|           2|           2|
    |sub_ln147_fu_741_p2                |     -    |      0|  0|  39|          32|          32|
    |sub_ln493_1_fu_796_p2              |     -    |      0|  0|  10|           2|           2|
    |sub_ln493_2_fu_648_p2              |     -    |      0|  0|  10|           2|           2|
    |sub_ln493_fu_616_p2                |     -    |      0|  0|  10|           2|           2|
    |sub_ln703_1_fu_989_p2              |     -    |      0|  0|   8|           8|           8|
    |sub_ln703_2_fu_1011_p2             |     -    |      0|  0|   8|           8|           8|
    |sub_ln703_3_fu_1077_p2             |     -    |      0|  0|   8|          11|          11|
    |sub_ln703_fu_979_p2                |     -    |      0|  0|   8|           1|           8|
    |and_ln118_1_fu_552_p2              |    and   |      0|  0|   2|           1|           1|
    |and_ln118_2_fu_708_p2              |    and   |      0|  0|   2|           1|           1|
    |and_ln118_fu_490_p2                |    and   |      0|  0|   2|           1|           1|
    |and_ln144_fu_766_p2                |    and   |      0|  0|   2|           1|           1|
    |and_ln512_fu_801_p2                |    and   |      0|  0|   2|           1|           1|
    |ap_block_pp0                       |    and   |      0|  0|   2|           1|           1|
    |ap_block_state5_pp0_stage0_iter2   |    and   |      0|  0|   2|           1|           1|
    |ap_condition_899                   |    and   |      0|  0|   2|           1|           1|
    |ap_enable_state3_pp0_iter0_stage0  |    and   |      0|  0|   2|           1|           1|
    |ap_enable_state4_pp0_iter1_stage0  |    and   |      0|  0|   2|           1|           1|
    |ap_predicate_op155_read_state4     |    and   |      0|  0|   2|           1|           1|
    |ap_predicate_op156_store_state4    |    and   |      0|  0|   2|           1|           1|
    |ap_predicate_op158_store_state4    |    and   |      0|  0|   2|           1|           1|
    |ap_predicate_op164_store_state4    |    and   |      0|  0|   2|           1|           1|
    |overflow_fu_1137_p2                |    and   |      0|  0|   2|           1|           1|
    |icmp_ln118_1_fu_547_p2             |   icmp   |      0|  0|  18|          32|          32|
    |icmp_ln118_2_fu_703_p2             |   icmp   |      0|  0|  18|          32|          32|
    |icmp_ln118_fu_485_p2               |   icmp   |      0|  0|  18|          32|          32|
    |icmp_ln144_1_fu_580_p2             |   icmp   |      0|  0|  18|          32|          32|
    |icmp_ln144_2_fu_736_p2             |   icmp   |      0|  0|  18|          32|          32|
    |icmp_ln144_fu_518_p2               |   icmp   |      0|  0|  18|          32|          32|
    |icmp_ln443_fu_406_p2               |   icmp   |      0|  0|  18|          32|          32|
    |icmp_ln444_fu_656_p2               |   icmp   |      0|  0|  18|          32|          32|
    |icmp_ln785_fu_1131_p2              |   icmp   |      0|  0|   9|           3|           1|
    |icmp_ln879_1_fu_450_p2             |   icmp   |      0|  0|  18|          32|           1|
    |icmp_ln879_fu_444_p2               |   icmp   |      0|  0|  18|          32|           1|
    |icmp_ln887_fu_417_p2               |   icmp   |      0|  0|  18|          32|          32|
    |icmp_ln891_fu_677_p2               |   icmp   |      0|  0|  18|          31|           1|
    |icmp_ln899_1_fu_456_p2             |   icmp   |      0|  0|  18|          32|          32|
    |icmp_ln899_fu_438_p2               |   icmp   |      0|  0|  18|          31|           1|
    |ap_block_pp0_stage0_01001          |    or    |      0|  0|   2|           1|           1|
    |ap_block_state1                    |    or    |      0|  0|   2|           1|           1|
    |ap_block_state4_pp0_stage0_iter1   |    or    |      0|  0|   2|           1|           1|
    |or_ln118_fu_760_p2                 |    or    |      0|  0|   2|           1|           1|
    |or_ln340_fu_1151_p2                |    or    |      0|  0|   2|           1|           1|
    |or_ln457_fu_784_p2                 |    or    |      0|  0|   2|           1|           1|
    |col_buf_0_val_0_0_fu_832_p3        |  select  |      0|  0|   8|           1|           8|
    |col_buf_0_val_1_0_fu_850_p3        |  select  |      0|  0|   8|           1|           8|
    |col_buf_0_val_2_0_fu_867_p3        |  select  |      0|  0|   8|           1|           8|
    |p_dst_data_stream_V_din            |  select  |      0|  0|   8|           1|           8|
    |select_ln118_1_fu_640_p3           |  select  |      0|  0|   2|           1|           2|
    |select_ln118_2_fu_746_p3           |  select  |      0|  0|  32|           1|          32|
    |select_ln118_fu_608_p3             |  select  |      0|  0|   2|           1|           2|
    |select_ln139_1_fu_572_p3           |  select  |      0|  0|  32|           1|          32|
    |select_ln139_2_fu_728_p3           |  select  |      0|  0|  32|           1|          32|
    |select_ln139_fu_510_p3             |  select  |      0|  0|  32|           1|          32|
    |select_ln144_1_fu_626_p3           |  select  |      0|  0|   2|           1|           2|
    |select_ln144_fu_594_p3             |  select  |      0|  0|   2|           1|           2|
    |select_ln340_fu_1143_p3            |  select  |      0|  0|   2|           1|           2|
    |src_kernel_win_0_va_4_fu_920_p3    |  select  |      0|  0|   8|           1|           8|
    |src_kernel_win_0_va_5_fu_938_p3    |  select  |      0|  0|   8|           1|           8|
    |x_fu_772_p3                        |  select  |      0|  0|  32|           1|          32|
    |ap_enable_pp0                      |    xor   |      0|  0|   2|           1|           2|
    |ap_enable_reg_pp0_iter1            |    xor   |      0|  0|   2|           2|           1|
    |xor_ln118_1_fu_479_p2              |    xor   |      0|  0|   2|           1|           2|
    |xor_ln118_2_fu_541_p2              |    xor   |      0|  0|   2|           1|           2|
    |xor_ln118_3_fu_697_p2              |    xor   |      0|  0|   2|           1|           2|
    |xor_ln118_4_fu_754_p2              |    xor   |      0|  0|   2|           1|           2|
    |xor_ln147_fu_372_p2                |    xor   |      0|  0|   3|           2|           3|
    |xor_ln457_fu_422_p2                |    xor   |      0|  0|   2|           1|           2|
    |xor_ln785_fu_1125_p2               |    xor   |      0|  0|   2|           1|           2|
    +-----------------------------------+----------+-------+---+----+------------+------------+
    |Total                              |          |      0|  0|1140|         720|         944|
    +-----------------------------------+----------+-------+---+----+------------+------------+

    * Multiplexer: 
    +---------------------------------------+----+-----------+-----+-----------+
    |                  Name                 | LUT| Input Size| Bits| Total Bits|
    +---------------------------------------+----+-----------+-----+-----------+
    |ap_NS_fsm                              |  27|          5|    1|          5|
    |ap_done                                |   9|          2|    1|          2|
    |ap_enable_reg_pp0_iter1                |   9|          2|    1|          2|
    |ap_enable_reg_pp0_iter2                |   9|          2|    1|          2|
    |ap_sig_allocacmp_right_border_buf_0_6  |   9|          2|    8|         16|
    |k_buf_0_val_4_d1                       |  15|          3|    8|         24|
    |k_buf_0_val_5_d1                       |  15|          3|    8|         24|
    |p_dst_data_stream_V_blk_n              |   9|          2|    1|          2|
    |p_src_cols_V_blk_n                     |   9|          2|    1|          2|
    |p_src_data_stream_V_blk_n              |   9|          2|    1|          2|
    |p_src_rows_V_blk_n                     |   9|          2|    1|          2|
    |real_start                             |   9|          2|    1|          2|
    |t_V_2_reg_299                          |   9|          2|   32|         64|
    |t_V_reg_288                            |   9|          2|   32|         64|
    +---------------------------------------+----+-----------+-----+-----------+
    |Total                                  | 156|         33|   97|        213|
    +---------------------------------------+----+-----------+-----+-----------+

    * Register: 
    +----------------------------------+----+----+-----+-----------+
    |               Name               | FF | LUT| Bits| Const Bits|
    +----------------------------------+----+----+-----+-----------+
    |add_ln458_reg_1273                |   2|   0|    2|          0|
    |add_ln507_reg_1256                |   2|   0|    2|          0|
    |add_ln703_1_reg_1395              |  10|   0|   10|          0|
    |add_ln703_2_reg_1400              |  10|   0|   10|          0|
    |add_ln703_4_reg_1405              |   8|   0|    8|          0|
    |and_ln118_2_reg_1340              |   1|   0|    1|          0|
    |and_ln512_reg_1376                |   1|   0|    1|          0|
    |and_ln512_reg_1376_pp0_iter1_reg  |   1|   0|    1|          0|
    |ap_CS_fsm                         |   4|   0|    4|          0|
    |ap_done_reg                       |   1|   0|    1|          0|
    |ap_enable_reg_pp0_iter0           |   1|   0|    1|          0|
    |ap_enable_reg_pp0_iter1           |   1|   0|    1|          0|
    |ap_enable_reg_pp0_iter2           |   1|   0|    1|          0|
    |cols_reg_1240                     |  32|   0|   32|          0|
    |i_V_reg_1282                      |  32|   0|   32|          0|
    |icmp_ln444_reg_1331               |   1|   0|    1|          0|
    |icmp_ln879_1_reg_1305             |   1|   0|    1|          0|
    |icmp_ln879_reg_1301               |   1|   0|    1|          0|
    |icmp_ln887_reg_1287               |   1|   0|    1|          0|
    |icmp_ln899_1_reg_1309             |   1|   0|    1|          0|
    |icmp_ln899_reg_1296               |   1|   0|    1|          0|
    |k_buf_0_val_3_addr_reg_1351       |   4|   0|    4|          0|
    |k_buf_0_val_4_addr_reg_1364       |   4|   0|    4|          0|
    |k_buf_0_val_5_addr_reg_1370       |   4|   0|    4|          0|
    |or_ln457_reg_1344                 |   1|   0|    1|          0|
    |right_border_buf_0_1_fu_178       |   8|   0|    8|          0|
    |right_border_buf_0_2_fu_182       |   8|   0|    8|          0|
    |right_border_buf_0_3_fu_186       |   8|   0|    8|          0|
    |right_border_buf_0_4_fu_190       |   8|   0|    8|          0|
    |right_border_buf_0_5_fu_194       |   8|   0|    8|          0|
    |right_border_buf_0_6_reg_1325     |   8|   0|    8|          0|
    |right_border_buf_0_s_fu_174       |   8|   0|    8|          0|
    |sext_ln147_1_reg_1268             |  31|   0|   32|          1|
    |sext_ln443_1_reg_1251             |  32|   0|   32|          0|
    |sext_ln443_reg_1246               |  32|   0|   32|          0|
    |src_kernel_win_0_va_1_fu_162      |   8|   0|    8|          0|
    |src_kernel_win_0_va_2_fu_166      |   8|   0|    8|          0|
    |src_kernel_win_0_va_3_fu_170      |   8|   0|    8|          0|
    |src_kernel_win_0_va_4_reg_1380    |   8|   0|    8|          0|
    |src_kernel_win_0_va_6_reg_1385    |   8|   0|    8|          0|
    |src_kernel_win_0_va_7_reg_1390    |   8|   0|    8|          0|
    |src_kernel_win_0_va_fu_158        |   8|   0|    8|          0|
    |start_once_reg                    |   1|   0|    1|          0|
    |stop_row_reg_1230                 |  32|   0|   32|          0|
    |sub_ln493_1_reg_1357              |   2|   0|    2|          0|
    |sub_ln493_2_reg_1320              |   2|   0|    2|          0|
    |sub_ln493_reg_1315                |   2|   0|    2|          0|
    |t_V_2_reg_299                     |  32|   0|   32|          0|
    |t_V_reg_288                       |  32|   0|   32|          0|
    |xor_ln147_reg_1262                |   2|   0|    2|          0|
    |xor_ln457_reg_1291                |   1|   0|    1|          0|
    +----------------------------------+----+----+-----+-----------+
    |Total                             | 439|   0|  440|          1|
    +----------------------------------+----+----+-----+-----------+



================================================================
== Interface
================================================================
* Summary: 
+-----------------------------+-----+-----+------------+---------------------+--------------+
|          RTL Ports          | Dir | Bits|  Protocol  |    Source Object    |    C Type    |
+-----------------------------+-----+-----+------------+---------------------+--------------+
|ap_clk                       |  in |    1| ap_ctrl_hs |       Filter2D      | return value |
|ap_rst                       |  in |    1| ap_ctrl_hs |       Filter2D      | return value |
|ap_start                     |  in |    1| ap_ctrl_hs |       Filter2D      | return value |
|start_full_n                 |  in |    1| ap_ctrl_hs |       Filter2D      | return value |
|ap_done                      | out |    1| ap_ctrl_hs |       Filter2D      | return value |
|ap_continue                  |  in |    1| ap_ctrl_hs |       Filter2D      | return value |
|ap_idle                      | out |    1| ap_ctrl_hs |       Filter2D      | return value |
|ap_ready                     | out |    1| ap_ctrl_hs |       Filter2D      | return value |
|start_out                    | out |    1| ap_ctrl_hs |       Filter2D      | return value |
|start_write                  | out |    1| ap_ctrl_hs |       Filter2D      | return value |
|p_src_rows_V_dout            |  in |    5|   ap_fifo  |     p_src_rows_V    |    pointer   |
|p_src_rows_V_empty_n         |  in |    1|   ap_fifo  |     p_src_rows_V    |    pointer   |
|p_src_rows_V_read            | out |    1|   ap_fifo  |     p_src_rows_V    |    pointer   |
|p_src_cols_V_dout            |  in |    5|   ap_fifo  |     p_src_cols_V    |    pointer   |
|p_src_cols_V_empty_n         |  in |    1|   ap_fifo  |     p_src_cols_V    |    pointer   |
|p_src_cols_V_read            | out |    1|   ap_fifo  |     p_src_cols_V    |    pointer   |
|p_src_data_stream_V_dout     |  in |    8|   ap_fifo  | p_src_data_stream_V |    pointer   |
|p_src_data_stream_V_empty_n  |  in |    1|   ap_fifo  | p_src_data_stream_V |    pointer   |
|p_src_data_stream_V_read     | out |    1|   ap_fifo  | p_src_data_stream_V |    pointer   |
|p_dst_data_stream_V_din      | out |    8|   ap_fifo  | p_dst_data_stream_V |    pointer   |
|p_dst_data_stream_V_full_n   |  in |    1|   ap_fifo  | p_dst_data_stream_V |    pointer   |
|p_dst_data_stream_V_write    | out |    1|   ap_fifo  | p_dst_data_stream_V |    pointer   |
+-----------------------------+-----+-----+------------+---------------------+--------------+

