

================================================================
== Vivado HLS Report for 'Mat2Array'
================================================================
* Date:           Sat Jun 20 16:50:26 2020

* Version:        2019.2 (Build 2704478 on Wed Nov 06 22:10:23 MST 2019)
* Project:        Vivado_Sobel_v3
* Solution:       solution1
* Product family: artix7
* Target device:  xc7a100t-csg324-3


================================================================
== Performance Estimates
================================================================
+ Timing: 
    * Summary: 
    +--------+----------+----------+------------+
    |  Clock |  Target  | Estimated| Uncertainty|
    +--------+----------+----------+------------+
    |ap_clk  | 10.00 ns | 5.489 ns |   1.25 ns  |
    +--------+----------+----------+------------+

+ Latency: 
    * Summary: 
    +---------+---------+----------+----------+-----+-----+---------+
    |  Latency (cycles) |  Latency (absolute) |  Interval | Pipeline|
    |   min   |   max   |    min   |    max   | min | max |   Type  |
    +---------+---------+----------+----------+-----+-----+---------+
    |      131|      131| 1.310 us | 1.310 us |  131|  131|   none  |
    +---------+---------+----------+----------+-----+-----+---------+

    + Detail: 
        * Instance: 
        N/A

        * Loop: 
        +-----------------+---------+---------+----------+-----------+-----------+------+----------+
        |                 |  Latency (cycles) | Iteration|  Initiation Interval  | Trip |          |
        |    Loop Name    |   min   |   max   |  Latency |  achieved |   target  | Count| Pipelined|
        +-----------------+---------+---------+----------+-----------+-----------+------+----------+
        |- loop_pixel     |      130|      130|        13|          -|          -|    10|    no    |
        | + loop_pixel.1  |       10|       10|         2|          1|          1|    10|    yes   |
        +-----------------+---------+---------+----------+-----------+-----------+------+----------+



================================================================
== Utilization Estimates
================================================================
* Summary: 
+-----------------+---------+-------+--------+-------+-----+
|       Name      | BRAM_18K| DSP48E|   FF   |  LUT  | URAM|
+-----------------+---------+-------+--------+-------+-----+
|DSP              |        -|      -|       -|      -|    -|
|Expression       |        -|      -|       0|     82|    -|
|FIFO             |        -|      -|       -|      -|    -|
|Instance         |        -|      -|       -|      -|    -|
|Memory           |        -|      -|       -|      -|    -|
|Multiplexer      |        -|      -|       -|     69|    -|
|Register         |        -|      -|      32|      -|    -|
+-----------------+---------+-------+--------+-------+-----+
|Total            |        0|      0|      32|    151|    0|
+-----------------+---------+-------+--------+-------+-----+
|Available        |      270|    240|  126800|  63400|    0|
+-----------------+---------+-------+--------+-------+-----+
|Utilization (%)  |        0|      0|   ~0   |   ~0  |    0|
+-----------------+---------+-------+--------+-------+-----+

+ Detail: 
    * Instance: 
    N/A

    * DSP48E: 
    N/A

    * Memory: 
    N/A

    * FIFO: 
    N/A

    * Expression: 
    +----------------------------------+----------+-------+---+----+------------+------------+
    |           Variable Name          | Operation| DSP48E| FF| LUT| Bitwidth P0| Bitwidth P1|
    +----------------------------------+----------+-------+---+----+------------+------------+
    |add_ln253_1_fu_162_p2             |     +    |      0|  0|  15|           5|           5|
    |add_ln253_fu_170_p2               |     +    |      0|  0|  15|           7|           7|
    |col_V_fu_152_p2                   |     +    |      0|  0|  13|           4|           1|
    |row_V_fu_124_p2                   |     +    |      0|  0|  13|           4|           1|
    |ap_block_pp0_stage0_11001         |    and   |      0|  0|   2|           1|           1|
    |ap_block_state4_pp0_stage0_iter1  |    and   |      0|  0|   2|           1|           1|
    |icmp_ln240_fu_118_p2              |   icmp   |      0|  0|   9|           4|           4|
    |icmp_ln241_fu_146_p2              |   icmp   |      0|  0|   9|           4|           4|
    |ap_enable_pp0                     |    xor   |      0|  0|   2|           1|           2|
    |ap_enable_reg_pp0_iter1           |    xor   |      0|  0|   2|           2|           1|
    +----------------------------------+----------+-------+---+----+------------+------------+
    |Total                             |          |      0|  0|  82|          33|          27|
    +----------------------------------+----------+-------+---+----+------------+------------+

    * Multiplexer: 
    +-------------------------+----+-----------+-----+-----------+
    |           Name          | LUT| Input Size| Bits| Total Bits|
    +-------------------------+----+-----------+-----+-----------+
    |ap_NS_fsm                |  27|          5|    1|          5|
    |ap_enable_reg_pp0_iter1  |  15|          3|    1|          3|
    |img_data_stream_V_blk_n  |   9|          2|    1|          2|
    |t_V_1_reg_107            |   9|          2|    4|          8|
    |t_V_reg_96               |   9|          2|    4|          8|
    +-------------------------+----+-----------+-----+-----------+
    |Total                    |  69|         14|   11|         26|
    +-------------------------+----+-----------+-----+-----------+

    * Register: 
    +-------------------------+---+----+-----+-----------+
    |           Name          | FF| LUT| Bits| Const Bits|
    +-------------------------+---+----+-----+-----------+
    |add_ln253_1_reg_208      |  5|   0|    5|          0|
    |ap_CS_fsm                |  4|   0|    4|          0|
    |ap_enable_reg_pp0_iter0  |  1|   0|    1|          0|
    |ap_enable_reg_pp0_iter1  |  1|   0|    1|          0|
    |icmp_ln241_reg_199       |  1|   0|    1|          0|
    |row_V_reg_184            |  4|   0|    4|          0|
    |shl_ln1352_1_reg_194     |  4|   0|    5|          1|
    |shl_ln_reg_189           |  4|   0|    7|          3|
    |t_V_1_reg_107            |  4|   0|    4|          0|
    |t_V_reg_96               |  4|   0|    4|          0|
    +-------------------------+---+----+-----+-----------+
    |Total                    | 32|   0|   36|          4|
    +-------------------------+---+----+-----+-----------+



================================================================
== Interface
================================================================
* Summary: 
+---------------------------+-----+-----+------------+-------------------+--------------+
|         RTL Ports         | Dir | Bits|  Protocol  |   Source Object   |    C Type    |
+---------------------------+-----+-----+------------+-------------------+--------------+
|ap_clk                     |  in |    1| ap_ctrl_hs |     Mat2Array     | return value |
|ap_rst                     |  in |    1| ap_ctrl_hs |     Mat2Array     | return value |
|ap_start                   |  in |    1| ap_ctrl_hs |     Mat2Array     | return value |
|ap_done                    | out |    1| ap_ctrl_hs |     Mat2Array     | return value |
|ap_idle                    | out |    1| ap_ctrl_hs |     Mat2Array     | return value |
|ap_ready                   | out |    1| ap_ctrl_hs |     Mat2Array     | return value |
|img_data_stream_V_dout     |  in |    8|   ap_fifo  | img_data_stream_V |    pointer   |
|img_data_stream_V_empty_n  |  in |    1|   ap_fifo  | img_data_stream_V |    pointer   |
|img_data_stream_V_read     | out |    1|   ap_fifo  | img_data_stream_V |    pointer   |
|fb_address0                | out |    7|  ap_memory |         fb        |     array    |
|fb_ce0                     | out |    1|  ap_memory |         fb        |     array    |
|fb_we0                     | out |    1|  ap_memory |         fb        |     array    |
|fb_d0                      | out |    8|  ap_memory |         fb        |     array    |
+---------------------------+-----+-----+------------+-------------------+--------------+

