

================================================================
== Vivado HLS Report for 'Mat2AXIM'
================================================================
* Date:           Sat Jun 20 16:50:27 2020

* Version:        2019.2 (Build 2704478 on Wed Nov 06 22:10:23 MST 2019)
* Project:        Vivado_Sobel_v3
* Solution:       solution1
* Product family: artix7
* Target device:  xc7a100t-csg324-3


================================================================
== Performance Estimates
================================================================
+ Timing: 
    * Summary: 
    +--------+----------+----------+------------+
    |  Clock |  Target  | Estimated| Uncertainty|
    +--------+----------+----------+------------+
    |ap_clk  | 10.00 ns | 5.489 ns |   1.25 ns  |
    +--------+----------+----------+------------+

+ Latency: 
    * Summary: 
    +---------+---------+----------+----------+-----+-----+---------+
    |  Latency (cycles) |  Latency (absolute) |  Interval | Pipeline|
    |   min   |   max   |    min   |    max   | min | max |   Type  |
    +---------+---------+----------+----------+-----+-----+---------+
    |      132|      132| 1.320 us | 1.320 us |  132|  132|   none  |
    +---------+---------+----------+----------+-----+-----+---------+

    + Detail: 
        * Instance: 
        +---------------------+-----------+---------+---------+----------+----------+-----+-----+---------+
        |                     |           |  Latency (cycles) |  Latency (absolute) |  Interval | Pipeline|
        |       Instance      |   Module  |   min   |   max   |    min   |    max   | min | max |   Type  |
        +---------------------+-----------+---------+---------+----------+----------+-----+-----+---------+
        |grp_Mat2Array_fu_38  |Mat2Array  |      131|      131| 1.310 us | 1.310 us |  131|  131|   none  |
        +---------------------+-----------+---------+---------+----------+----------+-----+-----+---------+

        * Loop: 
        N/A



================================================================
== Utilization Estimates
================================================================
* Summary: 
+-----------------+---------+-------+--------+-------+-----+
|       Name      | BRAM_18K| DSP48E|   FF   |  LUT  | URAM|
+-----------------+---------+-------+--------+-------+-----+
|DSP              |        -|      -|       -|      -|    -|
|Expression       |        -|      -|       0|      2|    -|
|FIFO             |        -|      -|       -|      -|    -|
|Instance         |        -|      -|      32|    151|    -|
|Memory           |        -|      -|       -|      -|    -|
|Multiplexer      |        -|      -|       -|     33|    -|
|Register         |        -|      -|       4|      -|    -|
+-----------------+---------+-------+--------+-------+-----+
|Total            |        0|      0|      36|    186|    0|
+-----------------+---------+-------+--------+-------+-----+
|Available        |      270|    240|  126800|  63400|    0|
+-----------------+---------+-------+--------+-------+-----+
|Utilization (%)  |        0|      0|   ~0   |   ~0  |    0|
+-----------------+---------+-------+--------+-------+-----+

+ Detail: 
    * Instance: 
    +---------------------+-----------+---------+-------+----+-----+-----+
    |       Instance      |   Module  | BRAM_18K| DSP48E| FF | LUT | URAM|
    +---------------------+-----------+---------+-------+----+-----+-----+
    |grp_Mat2Array_fu_38  |Mat2Array  |        0|      0|  32|  151|    0|
    +---------------------+-----------+---------+-------+----+-----+-----+
    |Total                |           |        0|      0|  32|  151|    0|
    +---------------------+-----------+---------+-------+----+-----+-----+

    * DSP48E: 
    N/A

    * Memory: 
    N/A

    * FIFO: 
    N/A

    * Expression: 
    +-----------------+----------+-------+---+----+------------+------------+
    |  Variable Name  | Operation| DSP48E| FF| LUT| Bitwidth P0| Bitwidth P1|
    +-----------------+----------+-------+---+----+------------+------------+
    |ap_block_state1  |    or    |      0|  0|   2|           1|           1|
    +-----------------+----------+-------+---+----+------------+------------+
    |Total            |          |      0|  0|   2|           1|           1|
    +-----------------+----------+-------+---+----+------------+------------+

    * Multiplexer: 
    +------------------------+----+-----------+-----+-----------+
    |          Name          | LUT| Input Size| Bits| Total Bits|
    +------------------------+----+-----------+-----+-----------+
    |ap_NS_fsm               |  15|          3|    1|          3|
    |ap_done                 |   9|          2|    1|          2|
    |img_data_stream_V_read  |   9|          2|    1|          2|
    +------------------------+----+-----------+-----+-----------+
    |Total                   |  33|          7|    3|          7|
    +------------------------+----+-----------+-----+-----------+

    * Register: 
    +----------------------------------+---+----+-----+-----------+
    |               Name               | FF| LUT| Bits| Const Bits|
    +----------------------------------+---+----+-----+-----------+
    |ap_CS_fsm                         |  2|   0|    2|          0|
    |ap_done_reg                       |  1|   0|    1|          0|
    |grp_Mat2Array_fu_38_ap_start_reg  |  1|   0|    1|          0|
    +----------------------------------+---+----+-----+-----------+
    |Total                             |  4|   0|    4|          0|
    +----------------------------------+---+----+-----+-----------+



================================================================
== Interface
================================================================
* Summary: 
+---------------------------+-----+-----+------------+-------------------+--------------+
|         RTL Ports         | Dir | Bits|  Protocol  |   Source Object   |    C Type    |
+---------------------------+-----+-----+------------+-------------------+--------------+
|ap_clk                     |  in |    1| ap_ctrl_hs |      Mat2AXIM     | return value |
|ap_rst                     |  in |    1| ap_ctrl_hs |      Mat2AXIM     | return value |
|ap_start                   |  in |    1| ap_ctrl_hs |      Mat2AXIM     | return value |
|ap_done                    | out |    1| ap_ctrl_hs |      Mat2AXIM     | return value |
|ap_continue                |  in |    1| ap_ctrl_hs |      Mat2AXIM     | return value |
|ap_idle                    | out |    1| ap_ctrl_hs |      Mat2AXIM     | return value |
|ap_ready                   | out |    1| ap_ctrl_hs |      Mat2AXIM     | return value |
|img_data_stream_V_dout     |  in |    8|   ap_fifo  | img_data_stream_V |    pointer   |
|img_data_stream_V_empty_n  |  in |    1|   ap_fifo  | img_data_stream_V |    pointer   |
|img_data_stream_V_read     | out |    1|   ap_fifo  | img_data_stream_V |    pointer   |
|fb_address0                | out |    7|  ap_memory |         fb        |     array    |
|fb_ce0                     | out |    1|  ap_memory |         fb        |     array    |
|fb_we0                     | out |    1|  ap_memory |         fb        |     array    |
|fb_d0                      | out |    8|  ap_memory |         fb        |     array    |
+---------------------------+-----+-----+------------+-------------------+--------------+

